***************************************************************************************************** 
* WARNING: The 2022 software stack is deprecated. Please consider switching to
the latest 2024 * 
* software stack, or the older 2023 software stack. * 
* * 
* If you have any question, please contact us via
http://servicedesk.surfsara.nl. * 
***************************************************************************************************** 

----------------------------------------------------------------------------
  Anaconda3: Anaconda3/2022.05
----------------------------------------------------------------------------
    Description:
      Built to complement the rich, open source Python community, the
      Anaconda platform provides an enterprise-ready data analytics
      platform that empowers companies to adopt a modern open data science
      analytics architecture. 


    You will need to load all module(s) on any one of the lines below before the "Anaconda3/2022.05" module is available to load.

      2022
 
    Help:
      
      Description
      ===========
      Built to complement the rich, open source Python community,
      the Anaconda platform provides an enterprise-ready data analytics platform 
      that empowers companies to adopt a modern open data science analytics architecture.
      
      
      More information
      ================
       - Homepage: https://www.anaconda.com
      


 

Running benchmark `gama` on `openml/t/6` framework in `singularity` mode.
Loading frameworks definitions from ['/gpfs/home4/smukherjee/automlbenchmark/resources/frameworks.yaml'].
Loading benchmark constraint definitions from ['/gpfs/home4/smukherjee/automlbenchmark/resources/constraints.yaml'].
Loading openml task 6.
Looking for the image /gpfs/home4/smukherjee/automlbenchmark/frameworks/GAMA/.setup/gama_stable-dev.sif

------------------------------------------------------------------
Starting job singularity.openml_t_6.test.all_tasks.all_folds.GAMA.
[MONITORING] [singularity.openml_t_6.test.all_tasks.all_folds.GAMA] CPU Utilization: 1.3%
[MONITORING] [singularity.openml_t_6.test.all_tasks.all_folds.GAMA] Memory Usage: 5.7%
[MONITORING] [singularity.openml_t_6.test.all_tasks.all_folds.GAMA] Disk Usage: 1.9%
Starting Singularity: singularity run --pwd /bench  -B /gpfs/home4/smukherjee:/input -B /gpfs/home4/smukherjee/automl_data/results/gama.openml_t_6.test.singularity.20250110T182427:/output -B /gpfs/home4/smukherjee/.config/automlbenchmark:/custom /gpfs/home4/smukherjee/automlbenchmark/frameworks/GAMA/.setup/gama_stable-dev.sif "gama openml/t/6 test   -Xseed=auto -i /input -o /output -u /custom -s skip -Xrun_mode=singularity --session=".
Datasets are loaded by default from folder /gpfs/home4/smukherjee.
Generated files will be available in folder /gpfs/home4/smukherjee/automl_data/results.
Running cmd `singularity run --pwd /bench  -B /gpfs/home4/smukherjee:/input -B /gpfs/home4/smukherjee/automl_data/results/gama.openml_t_6.test.singularity.20250110T182427:/output -B /gpfs/home4/smukherjee/.config/automlbenchmark:/custom /gpfs/home4/smukherjee/automlbenchmark/frameworks/GAMA/.setup/gama_stable-dev.sif "gama openml/t/6 test   -Xseed=auto -i /input -o /output -u /custom -s skip -Xrun_mode=singularity --session="`
declare: invalid option "-m"
declare: invalid option "-m"
Running benchmark `gama` on `openml/t/6` framework in `local` mode.
Loading frameworks definitions from ['/bench/resources/frameworks.yaml'].
Loading benchmark constraint definitions from ['/bench/resources/constraints.yaml'].
Loading openml task 6.
Running 5 jobs
[MONITORING] [python3.9 [1983488]] CPU Utilization: 3.2%

-------------------------------------------------
Starting job local.openml_t_6.test.letter.0.GAMA.
Assigning 16 cores (total=192) for new task letter.
[MONITORING] [python3.9 [1983488]] Memory Usage: 6.1%
[MONITORING] [python3.9 [1983488]] Disk Usage: 0.0%
Assigning 361008 MB (total=386603 MB) for new letter task.
Running task letter on framework GAMA with config:
TaskConfig({'framework': 'GAMA', 'framework_params': {}, 'framework_version': '23.0.0.post1', 'type': 'classification', 'name': 'letter', 'openml_task_id': 6, 'test_server': False, 'fold': 0, 'metric': 'logloss', 'metrics': ['logloss', 'acc', 'balacc'], 'seed': 1500142555, 'job_timeout_seconds': 600, 'max_runtime_seconds': 300, 'cores': 16, 'max_mem_size_mb': 361008, 'min_vol_size_mb': -1, 'input_dir': '/input', 'output_dir': '/output/', 'output_predictions_file': '/output/predictions/letter/0/predictions.csv', 'tag': None, 'command': 'runbenchmark.py gama openml/t/6 test -Xseed=auto -i /input -o /output -u /custom -s skip -Xrun_mode=singularity --session=', 'git_info': {'repo': 'https://github.com/SubhadityaMukherjee/automlbenchmark.git', 'branch': 'singularity', 'commit': '7980953509ddbe0c961203f526b6110f33d9cc4e', 'tags': [], 'status': ['## singularity...origin/singularity', ' M amlb/runners/singularity.py', ' M frameworks/autosklearn/exec.py', ' M resources/constraints.yaml']}, 'measure_inference_time': False, 'ext': {}, 'quantile_levels': [0.1, 0.2, 0.3, 0.4, 0.5, 0.6, 0.7, 0.8, 0.9], 'type_': 'multiclass', 'output_metadata_file': '/output/predictions/letter/0/metadata.json'})
expected str, bytes or os.PathLike object, not NoneType
Traceback (most recent call last):
  File "/bench/amlb/benchmark.py", line 791, in run
    meta_result = self.benchmark.framework_module.run(
  File "/bench/frameworks/GAMA/__init__.py", line 15, in run
    train=dict(path=dataset.train.path, X=dataset.train.X, y=dataset.train.y),
  File "/bench/amlb/data.py", line 120, in path
    return self.data_path(self.format)
  File "/bench/amlb/datasets/openml.py", line 348, in data_path
    return self._get_data(format)
  File "/bench/amlb/datasets/openml.py", line 364, in _get_data
    self.dataset._load_data(fmt)
  File "/bench/amlb/datasets/openml.py", line 318, in _load_data
    train, test = splitter.split()
  File "/bench/amlb/utils/process.py", line 967, in profiler
    return fn(*args, **kwargs)
  File "/bench/amlb/datasets/openml.py", line 419, in split
    train_path, test_path = self.ds._get_split_paths(".arff")
  File "/bench/amlb/datasets/openml.py", line 329, in _get_split_paths
    sp = split_path(self._oml_dataset.data_file)
  File "/bench/amlb/utils/os.py", line 31, in split_path
    dir, file = os.path.split(path)
  File "/usr/lib/python3.9/posixpath.py", line 103, in split
    p = os.fspath(p)
TypeError: expected str, bytes or os.PathLike object, not NoneType
Loading metadata from `/output/predictions/letter/0/metadata.json`.
Metric scores: { 'acc': nan,
  'app_version': 'dev '
                 '[https://github.com/SubhadityaMukherjee/automlbenchmark.git, '
                 'singularity, 7980953]',
  'balacc': nan,
  'constraint': 'test',
  'duration': nan,
  'fold': 0,
  'framework': 'GAMA',
  'id': 'openml.org/t/6',
  'info': 'TypeError: expected str, bytes or os.PathLike object, not NoneType',
  'logloss': nan,
  'metric': 'neg_logloss',
  'mode': 'singularity',
  'models_count': nan,
  'params': '',
  'predict_duration': nan,
  'result': nan,
  'seed': 1500142555,
  'task': 'letter',
  'training_duration': nan,
  'type': 'multiclass',
  'utc': '2025-01-10T18:24:32',
  'version': '23.0.0.post1'}
Job `local.openml_t_6.test.letter.0.GAMA` executed in 0.373 seconds.
Scores saved to `/output/scores/results.csv`.
Scores saved to `/output/results.csv`.

-------------------------------------------------
Starting job local.openml_t_6.test.letter.1.GAMA.
Assigning 16 cores (total=192) for new task letter.
Assigning 360759 MB (total=386603 MB) for new letter task.
Running task letter on framework GAMA with config:
TaskConfig({'framework': 'GAMA', 'framework_params': {}, 'framework_version': '23.0.0.post1', 'type': 'classification', 'name': 'letter', 'openml_task_id': 6, 'test_server': False, 'fold': 1, 'metric': 'logloss', 'metrics': ['logloss', 'acc', 'balacc'], 'seed': 1500142556, 'job_timeout_seconds': 600, 'max_runtime_seconds': 300, 'cores': 16, 'max_mem_size_mb': 360759, 'min_vol_size_mb': -1, 'input_dir': '/input', 'output_dir': '/output/', 'output_predictions_file': '/output/predictions/letter/1/predictions.csv', 'tag': None, 'command': 'runbenchmark.py gama openml/t/6 test -Xseed=auto -i /input -o /output -u /custom -s skip -Xrun_mode=singularity --session=', 'git_info': {'repo': 'https://github.com/SubhadityaMukherjee/automlbenchmark.git', 'branch': 'singularity', 'commit': '7980953509ddbe0c961203f526b6110f33d9cc4e', 'tags': [], 'status': ['## singularity...origin/singularity', ' M amlb/runners/singularity.py', ' M frameworks/autosklearn/exec.py', ' M resources/constraints.yaml']}, 'measure_inference_time': False, 'ext': {}, 'quantile_levels': [0.1, 0.2, 0.3, 0.4, 0.5, 0.6, 0.7, 0.8, 0.9], 'type_': 'multiclass', 'output_metadata_file': '/output/predictions/letter/1/metadata.json'})
expected str, bytes or os.PathLike object, not NoneType
Traceback (most recent call last):
  File "/bench/amlb/benchmark.py", line 791, in run
    meta_result = self.benchmark.framework_module.run(
  File "/bench/frameworks/GAMA/__init__.py", line 15, in run
    train=dict(path=dataset.train.path, X=dataset.train.X, y=dataset.train.y),
  File "/bench/amlb/data.py", line 120, in path
    return self.data_path(self.format)
  File "/bench/amlb/datasets/openml.py", line 348, in data_path
    return self._get_data(format)
  File "/bench/amlb/datasets/openml.py", line 364, in _get_data
    self.dataset._load_data(fmt)
  File "/bench/amlb/datasets/openml.py", line 318, in _load_data
    train, test = splitter.split()
  File "/bench/amlb/utils/process.py", line 967, in profiler
    return fn(*args, **kwargs)
  File "/bench/amlb/datasets/openml.py", line 419, in split
    train_path, test_path = self.ds._get_split_paths(".arff")
  File "/bench/amlb/datasets/openml.py", line 329, in _get_split_paths
    sp = split_path(self._oml_dataset.data_file)
  File "/bench/amlb/utils/os.py", line 31, in split_path
    dir, file = os.path.split(path)
  File "/usr/lib/python3.9/posixpath.py", line 103, in split
    p = os.fspath(p)
TypeError: expected str, bytes or os.PathLike object, not NoneType
Loading metadata from `/output/predictions/letter/1/metadata.json`.
Metric scores: { 'acc': nan,
  'app_version': 'dev '
                 '[https://github.com/SubhadityaMukherjee/automlbenchmark.git, '
                 'singularity, 7980953]',
  'balacc': nan,
  'constraint': 'test',
  'duration': nan,
  'fold': 1,
  'framework': 'GAMA',
  'id': 'openml.org/t/6',
  'info': 'TypeError: expected str, bytes or os.PathLike object, not NoneType',
  'logloss': nan,
  'metric': 'neg_logloss',
  'mode': 'singularity',
  'models_count': nan,
  'params': '',
  'predict_duration': nan,
  'result': nan,
  'seed': 1500142556,
  'task': 'letter',
  'training_duration': nan,
  'type': 'multiclass',
  'utc': '2025-01-10T18:24:32',
  'version': '23.0.0.post1'}
Job `local.openml_t_6.test.letter.1.GAMA` executed in 0.003 seconds.
Scores saved to `/output/scores/results.csv`.
Scores saved to `/output/results.csv`.

-------------------------------------------------
Starting job local.openml_t_6.test.letter.2.GAMA.
Assigning 16 cores (total=192) for new task letter.
Assigning 360753 MB (total=386603 MB) for new letter task.
Running task letter on framework GAMA with config:
TaskConfig({'framework': 'GAMA', 'framework_params': {}, 'framework_version': '23.0.0.post1', 'type': 'classification', 'name': 'letter', 'openml_task_id': 6, 'test_server': False, 'fold': 2, 'metric': 'logloss', 'metrics': ['logloss', 'acc', 'balacc'], 'seed': 1500142557, 'job_timeout_seconds': 600, 'max_runtime_seconds': 300, 'cores': 16, 'max_mem_size_mb': 360753, 'min_vol_size_mb': -1, 'input_dir': '/input', 'output_dir': '/output/', 'output_predictions_file': '/output/predictions/letter/2/predictions.csv', 'tag': None, 'command': 'runbenchmark.py gama openml/t/6 test -Xseed=auto -i /input -o /output -u /custom -s skip -Xrun_mode=singularity --session=', 'git_info': {'repo': 'https://github.com/SubhadityaMukherjee/automlbenchmark.git', 'branch': 'singularity', 'commit': '7980953509ddbe0c961203f526b6110f33d9cc4e', 'tags': [], 'status': ['## singularity...origin/singularity', ' M amlb/runners/singularity.py', ' M frameworks/autosklearn/exec.py', ' M resources/constraints.yaml']}, 'measure_inference_time': False, 'ext': {}, 'quantile_levels': [0.1, 0.2, 0.3, 0.4, 0.5, 0.6, 0.7, 0.8, 0.9], 'type_': 'multiclass', 'output_metadata_file': '/output/predictions/letter/2/metadata.json'})
expected str, bytes or os.PathLike object, not NoneType
Traceback (most recent call last):
  File "/bench/amlb/benchmark.py", line 791, in run
    meta_result = self.benchmark.framework_module.run(
  File "/bench/frameworks/GAMA/__init__.py", line 15, in run
    train=dict(path=dataset.train.path, X=dataset.train.X, y=dataset.train.y),
  File "/bench/amlb/data.py", line 120, in path
    return self.data_path(self.format)
  File "/bench/amlb/datasets/openml.py", line 348, in data_path
    return self._get_data(format)
  File "/bench/amlb/datasets/openml.py", line 364, in _get_data
    self.dataset._load_data(fmt)
  File "/bench/amlb/datasets/openml.py", line 318, in _load_data
    train, test = splitter.split()
  File "/bench/amlb/utils/process.py", line 967, in profiler
    return fn(*args, **kwargs)
  File "/bench/amlb/datasets/openml.py", line 419, in split
    train_path, test_path = self.ds._get_split_paths(".arff")
  File "/bench/amlb/datasets/openml.py", line 329, in _get_split_paths
    sp = split_path(self._oml_dataset.data_file)
  File "/bench/amlb/utils/os.py", line 31, in split_path
    dir, file = os.path.split(path)
  File "/usr/lib/python3.9/posixpath.py", line 103, in split
    p = os.fspath(p)
TypeError: expected str, bytes or os.PathLike object, not NoneType
Loading metadata from `/output/predictions/letter/2/metadata.json`.
Metric scores: { 'acc': nan,
  'app_version': 'dev '
                 '[https://github.com/SubhadityaMukherjee/automlbenchmark.git, '
                 'singularity, 7980953]',
  'balacc': nan,
  'constraint': 'test',
  'duration': nan,
  'fold': 2,
  'framework': 'GAMA',
  'id': 'openml.org/t/6',
  'info': 'TypeError: expected str, bytes or os.PathLike object, not NoneType',
  'logloss': nan,
  'metric': 'neg_logloss',
  'mode': 'singularity',
  'models_count': nan,
  'params': '',
  'predict_duration': nan,
  'result': nan,
  'seed': 1500142557,
  'task': 'letter',
  'training_duration': nan,
  'type': 'multiclass',
  'utc': '2025-01-10T18:24:32',
  'version': '23.0.0.post1'}
Job `local.openml_t_6.test.letter.2.GAMA` executed in 0.003 seconds.
Scores saved to `/output/scores/results.csv`.
Scores saved to `/output/results.csv`.

-------------------------------------------------
Starting job local.openml_t_6.test.letter.3.GAMA.
Assigning 16 cores (total=192) for new task letter.
Assigning 360750 MB (total=386603 MB) for new letter task.
Running task letter on framework GAMA with config:
TaskConfig({'framework': 'GAMA', 'framework_params': {}, 'framework_version': '23.0.0.post1', 'type': 'classification', 'name': 'letter', 'openml_task_id': 6, 'test_server': False, 'fold': 3, 'metric': 'logloss', 'metrics': ['logloss', 'acc', 'balacc'], 'seed': 1500142558, 'job_timeout_seconds': 600, 'max_runtime_seconds': 300, 'cores': 16, 'max_mem_size_mb': 360750, 'min_vol_size_mb': -1, 'input_dir': '/input', 'output_dir': '/output/', 'output_predictions_file': '/output/predictions/letter/3/predictions.csv', 'tag': None, 'command': 'runbenchmark.py gama openml/t/6 test -Xseed=auto -i /input -o /output -u /custom -s skip -Xrun_mode=singularity --session=', 'git_info': {'repo': 'https://github.com/SubhadityaMukherjee/automlbenchmark.git', 'branch': 'singularity', 'commit': '7980953509ddbe0c961203f526b6110f33d9cc4e', 'tags': [], 'status': ['## singularity...origin/singularity', ' M amlb/runners/singularity.py', ' M frameworks/autosklearn/exec.py', ' M resources/constraints.yaml']}, 'measure_inference_time': False, 'ext': {}, 'quantile_levels': [0.1, 0.2, 0.3, 0.4, 0.5, 0.6, 0.7, 0.8, 0.9], 'type_': 'multiclass', 'output_metadata_file': '/output/predictions/letter/3/metadata.json'})
expected str, bytes or os.PathLike object, not NoneType
Traceback (most recent call last):
  File "/bench/amlb/benchmark.py", line 791, in run
    meta_result = self.benchmark.framework_module.run(
  File "/bench/frameworks/GAMA/__init__.py", line 15, in run
    train=dict(path=dataset.train.path, X=dataset.train.X, y=dataset.train.y),
  File "/bench/amlb/data.py", line 120, in path
    return self.data_path(self.format)
  File "/bench/amlb/datasets/openml.py", line 348, in data_path
    return self._get_data(format)
  File "/bench/amlb/datasets/openml.py", line 364, in _get_data
    self.dataset._load_data(fmt)
  File "/bench/amlb/datasets/openml.py", line 318, in _load_data
    train, test = splitter.split()
  File "/bench/amlb/utils/process.py", line 967, in profiler
    return fn(*args, **kwargs)
  File "/bench/amlb/datasets/openml.py", line 419, in split
    train_path, test_path = self.ds._get_split_paths(".arff")
  File "/bench/amlb/datasets/openml.py", line 329, in _get_split_paths
    sp = split_path(self._oml_dataset.data_file)
  File "/bench/amlb/utils/os.py", line 31, in split_path
    dir, file = os.path.split(path)
  File "/usr/lib/python3.9/posixpath.py", line 103, in split
    p = os.fspath(p)
TypeError: expected str, bytes or os.PathLike object, not NoneType
Loading metadata from `/output/predictions/letter/3/metadata.json`.
Metric scores: { 'acc': nan,
  'app_version': 'dev '
                 '[https://github.com/SubhadityaMukherjee/automlbenchmark.git, '
                 'singularity, 7980953]',
  'balacc': nan,
  'constraint': 'test',
  'duration': nan,
  'fold': 3,
  'framework': 'GAMA',
  'id': 'openml.org/t/6',
  'info': 'TypeError: expected str, bytes or os.PathLike object, not NoneType',
  'logloss': nan,
  'metric': 'neg_logloss',
  'mode': 'singularity',
  'models_count': nan,
  'params': '',
  'predict_duration': nan,
  'result': nan,
  'seed': 1500142558,
  'task': 'letter',
  'training_duration': nan,
  'type': 'multiclass',
  'utc': '2025-01-10T18:24:32',
  'version': '23.0.0.post1'}
Job `local.openml_t_6.test.letter.3.GAMA` executed in 0.003 seconds.
Scores saved to `/output/scores/results.csv`.
Scores saved to `/output/results.csv`.

-------------------------------------------------
Starting job local.openml_t_6.test.letter.4.GAMA.
Assigning 16 cores (total=192) for new task letter.
Assigning 360693 MB (total=386603 MB) for new letter task.
Running task letter on framework GAMA with config:
TaskConfig({'framework': 'GAMA', 'framework_params': {}, 'framework_version': '23.0.0.post1', 'type': 'classification', 'name': 'letter', 'openml_task_id': 6, 'test_server': False, 'fold': 4, 'metric': 'logloss', 'metrics': ['logloss', 'acc', 'balacc'], 'seed': 1500142559, 'job_timeout_seconds': 600, 'max_runtime_seconds': 300, 'cores': 16, 'max_mem_size_mb': 360693, 'min_vol_size_mb': -1, 'input_dir': '/input', 'output_dir': '/output/', 'output_predictions_file': '/output/predictions/letter/4/predictions.csv', 'tag': None, 'command': 'runbenchmark.py gama openml/t/6 test -Xseed=auto -i /input -o /output -u /custom -s skip -Xrun_mode=singularity --session=', 'git_info': {'repo': 'https://github.com/SubhadityaMukherjee/automlbenchmark.git', 'branch': 'singularity', 'commit': '7980953509ddbe0c961203f526b6110f33d9cc4e', 'tags': [], 'status': ['## singularity...origin/singularity', ' M amlb/runners/singularity.py', ' M frameworks/autosklearn/exec.py', ' M resources/constraints.yaml']}, 'measure_inference_time': False, 'ext': {}, 'quantile_levels': [0.1, 0.2, 0.3, 0.4, 0.5, 0.6, 0.7, 0.8, 0.9], 'type_': 'multiclass', 'output_metadata_file': '/output/predictions/letter/4/metadata.json'})
expected str, bytes or os.PathLike object, not NoneType
Traceback (most recent call last):
  File "/bench/amlb/benchmark.py", line 791, in run
    meta_result = self.benchmark.framework_module.run(
  File "/bench/frameworks/GAMA/__init__.py", line 15, in run
    train=dict(path=dataset.train.path, X=dataset.train.X, y=dataset.train.y),
  File "/bench/amlb/data.py", line 120, in path
    return self.data_path(self.format)
  File "/bench/amlb/datasets/openml.py", line 348, in data_path
    return self._get_data(format)
  File "/bench/amlb/datasets/openml.py", line 364, in _get_data
    self.dataset._load_data(fmt)
  File "/bench/amlb/datasets/openml.py", line 318, in _load_data
    train, test = splitter.split()
  File "/bench/amlb/utils/process.py", line 967, in profiler
    return fn(*args, **kwargs)
  File "/bench/amlb/datasets/openml.py", line 419, in split
    train_path, test_path = self.ds._get_split_paths(".arff")
  File "/bench/amlb/datasets/openml.py", line 329, in _get_split_paths
    sp = split_path(self._oml_dataset.data_file)
  File "/bench/amlb/utils/os.py", line 31, in split_path
    dir, file = os.path.split(path)
  File "/usr/lib/python3.9/posixpath.py", line 103, in split
    p = os.fspath(p)
TypeError: expected str, bytes or os.PathLike object, not NoneType
Loading metadata from `/output/predictions/letter/4/metadata.json`.
Metric scores: { 'acc': nan,
  'app_version': 'dev '
                 '[https://github.com/SubhadityaMukherjee/automlbenchmark.git, '
                 'singularity, 7980953]',
  'balacc': nan,
  'constraint': 'test',
  'duration': nan,
  'fold': 4,
  'framework': 'GAMA',
  'id': 'openml.org/t/6',
  'info': 'TypeError: expected str, bytes or os.PathLike object, not NoneType',
  'logloss': nan,
  'metric': 'neg_logloss',
  'mode': 'singularity',
  'models_count': nan,
  'params': '',
  'predict_duration': nan,
  'result': nan,
  'seed': 1500142559,
  'task': 'letter',
  'training_duration': nan,
  'type': 'multiclass',
  'utc': '2025-01-10T18:24:32',
  'version': '23.0.0.post1'}
Job `local.openml_t_6.test.letter.4.GAMA` executed in 0.003 seconds.
Scores saved to `/output/scores/results.csv`.
Scores saved to `/output/results.csv`.
All jobs executed in 2.102 seconds.
[MONITORING] [python3.9 [1983488]] CPU Utilization: 2.1%
[MONITORING] [python3.9 [1983488]] Memory Usage: 6.2%
[MONITORING] [python3.9 [1983488]] Disk Usage: 0.0%
Processing results for 
Summing up scores for current run:
            id   task  fold framework constraint      metric  duration       seed                                                               info
openml.org/t/6 letter     0      GAMA       test neg_logloss     0.400 1500142555 TypeError: expected str, bytes or os.PathLike object, not NoneType
openml.org/t/6 letter     1      GAMA       test neg_logloss     0.003 1500142556 TypeError: expected str, bytes or os.PathLike object, not NoneType
openml.org/t/6 letter     2      GAMA       test neg_logloss     0.003 1500142557 TypeError: expected str, bytes or os.PathLike object, not NoneType
openml.org/t/6 letter     3      GAMA       test neg_logloss     0.003 1500142558 TypeError: expected str, bytes or os.PathLike object, not NoneType
openml.org/t/6 letter     4      GAMA       test neg_logloss     0.003 1500142559 TypeError: expected str, bytes or os.PathLike object, not NoneType
Job `singularity.openml_t_6.test.all_tasks.all_folds.GAMA` executed in 4.901 seconds.
All jobs executed in 4.902 seconds.
[MONITORING] [singularity.openml_t_6.test.all_tasks.all_folds.GAMA] CPU Utilization: 4.8%
[MONITORING] [singularity.openml_t_6.test.all_tasks.all_folds.GAMA] Memory Usage: 6.1%
[MONITORING] [singularity.openml_t_6.test.all_tasks.all_folds.GAMA] Disk Usage: 1.9%
Summing up scores for current run:
            id   task  fold framework constraint      metric  duration       seed                                                               info
openml.org/t/6 letter     0      GAMA       test neg_logloss     0.400 1500142555 TypeError: expected str, bytes or os.PathLike object, not NoneType
openml.org/t/6 letter     1      GAMA       test neg_logloss     0.003 1500142556 TypeError: expected str, bytes or os.PathLike object, not NoneType
openml.org/t/6 letter     2      GAMA       test neg_logloss     0.003 1500142557 TypeError: expected str, bytes or os.PathLike object, not NoneType
openml.org/t/6 letter     3      GAMA       test neg_logloss     0.003 1500142558 TypeError: expected str, bytes or os.PathLike object, not NoneType
openml.org/t/6 letter     4      GAMA       test neg_logloss     0.003 1500142559 TypeError: expected str, bytes or os.PathLike object, not NoneType
python: can't open file '/home/smukherjee/scripts/report_generator.py': [Errno 2] No such file or directory
/var/spool/slurm/slurmd/job9362191/slurm_script: line 21: deactivate: No such file or directory

JOB STATISTICS
==============
Job ID: 9362191
Cluster: snellius
User/Group: smukherjee/smukherjee
State: FAILED (exit code 1)
Nodes: 1
Cores per node: 16
CPU Utilized: 00:00:14
CPU Efficiency: 3.24% of 00:07:12 core-walltime
Job Wall-clock time: 00:00:27
Memory Utilized: 2.22 MB
Memory Efficiency: 0.00% of 56.00 GB
