***************************************************************************************************** 
* WARNING: The 2022 software stack is deprecated. Please consider switching to
the latest 2024 * 
* software stack, or the older 2023 software stack. * 
* * 
* If you have any question, please contact us via
http://servicedesk.surfsara.nl. * 
***************************************************************************************************** 

----------------------------------------------------------------------------
  Anaconda3: Anaconda3/2022.05
----------------------------------------------------------------------------
    Description:
      Built to complement the rich, open source Python community, the
      Anaconda platform provides an enterprise-ready data analytics
      platform that empowers companies to adopt a modern open data science
      analytics architecture. 


    You will need to load all module(s) on any one of the lines below before the "Anaconda3/2022.05" module is available to load.

      2022
 
    Help:
      
      Description
      ===========
      Built to complement the rich, open source Python community,
      the Anaconda platform provides an enterprise-ready data analytics platform 
      that empowers companies to adopt a modern open data science analytics architecture.
      
      
      More information
      ================
       - Homepage: https://www.anaconda.com
      


 

Running benchmark `autosklearn` on `openml/t/146820` framework in `singularity` mode.
Loading frameworks definitions from ['/gpfs/home4/smukherjee/automlbenchmark/resources/frameworks.yaml'].
Loading benchmark constraint definitions from ['/gpfs/home4/smukherjee/automlbenchmark/resources/constraints.yaml'].
Loading openml task 146820.
Looking for the image /gpfs/home4/smukherjee/automlbenchmark/frameworks/autosklearn/.setup/autosklearn_stable-dev.sif

------------------------------------------------------------------------------
Starting job singularity.openml_t_146820.test.all_tasks.all_folds.autosklearn.
[MONITORING] [singularity.openml_t_146820.test.all_tasks.all_folds.autosklearn] CPU Utilization: 1.3%
Starting Singularity: singularity run --pwd /bench  -B /gpfs/home4/smukherjee:/input -B /gpfs/home4/smukherjee/automl_data/results/autosklearn.openml_t_146820.test.singularity.20250110T182427:/output -B /gpfs/home4/smukherjee/.config/automlbenchmark:/custom /gpfs/home4/smukherjee/automlbenchmark/frameworks/autosklearn/.setup/autosklearn_stable-dev.sif "autosklearn openml/t/146820 test   -Xseed=auto -i /input -o /output -u /custom -s skip -Xrun_mode=singularity --session=".
Datasets are loaded by default from folder /gpfs/home4/smukherjee.
[MONITORING] [singularity.openml_t_146820.test.all_tasks.all_folds.autosklearn] Memory Usage: 5.7%
Generated files will be available in folder /gpfs/home4/smukherjee/automl_data/results.
[MONITORING] [singularity.openml_t_146820.test.all_tasks.all_folds.autosklearn] Disk Usage: 1.9%
Running cmd `singularity run --pwd /bench  -B /gpfs/home4/smukherjee:/input -B /gpfs/home4/smukherjee/automl_data/results/autosklearn.openml_t_146820.test.singularity.20250110T182427:/output -B /gpfs/home4/smukherjee/.config/automlbenchmark:/custom /gpfs/home4/smukherjee/automlbenchmark/frameworks/autosklearn/.setup/autosklearn_stable-dev.sif "autosklearn openml/t/146820 test   -Xseed=auto -i /input -o /output -u /custom -s skip -Xrun_mode=singularity --session="`
declare: invalid option "-m"
declare: invalid option "-m"
Running benchmark `autosklearn` on `openml/t/146820` framework in `local` mode.
Loading frameworks definitions from ['/bench/resources/frameworks.yaml'].
Loading benchmark constraint definitions from ['/bench/resources/constraints.yaml'].
Loading openml task 146820.
Running 10 jobs
[MONITORING] [python3.9 [1983486]] CPU Utilization: 3.1%

-----------------------------------------------------------
Starting job local.openml_t_146820.test.wilt.0.autosklearn.
[MONITORING] [python3.9 [1983486]] Memory Usage: 6.1%
Assigning 8 cores (total=192) for new task wilt.
[MONITORING] [python3.9 [1983486]] Disk Usage: 0.0%
Assigning 360994 MB (total=386603 MB) for new wilt task.
Running task wilt on framework autosklearn with config:
TaskConfig({'framework': 'autosklearn', 'framework_params': {'_save_artifacts': ['models']}, 'framework_version': '0.15.0', 'type': 'classification', 'name': 'wilt', 'openml_task_id': 146820, 'test_server': False, 'fold': 0, 'metric': 'auc', 'metrics': ['auc', 'logloss', 'acc', 'balacc'], 'seed': 1935172659, 'job_timeout_seconds': 2400, 'max_runtime_seconds': 1200, 'cores': 8, 'max_mem_size_mb': 360994, 'min_vol_size_mb': -1, 'input_dir': '/input', 'output_dir': '/output/', 'output_predictions_file': '/output/predictions/wilt/0/predictions.csv', 'tag': None, 'command': 'runbenchmark.py autosklearn openml/t/146820 test -Xseed=auto -i /input -o /output -u /custom -s skip -Xrun_mode=singularity --session=', 'git_info': {'repo': 'https://github.com/SubhadityaMukherjee/automlbenchmark.git', 'branch': 'singularity', 'commit': '7980953509ddbe0c961203f526b6110f33d9cc4e', 'tags': [], 'status': ['## singularity...origin/singularity', ' M amlb/runners/singularity.py']}, 'measure_inference_time': False, 'ext': {}, 'quantile_levels': [0.1, 0.2, 0.3, 0.4, 0.5, 0.6, 0.7, 0.8, 0.9], 'type_': 'binary', 'output_metadata_file': '/output/predictions/wilt/0/metadata.json'})
Running cmd `/bench/frameworks/autosklearn/venv/bin/python -W ignore /bench/frameworks/autosklearn/exec.py`
INFO:__main__:
**** Auto-sklearn [v0.15.0]****

INFO:__main__:Running Auto-sklearn for wilt with a maximum time of 1200s on 8 cores with 360994MB, optimizing roc_auc.
INFO:__main__:Environment: environ({'AMLB_LOG_TRACE': '5', 'AMLB_PATH': '/bench', 'TMPDIR': '/scratch-local/smukherjee.9362196', 'PATH': '/bench/frameworks/autosklearn/venv/bin:/usr/local/sbin:/usr/local/bin:/usr/sbin:/usr/bin:/sbin:/bin', 'PWD': '/bench', 'PYTHONPATH': '/bench', 'LC_CTYPE': 'C.UTF-8', 'JOBLIB_TEMP_FOLDER': '/scratch-local/smukherjee.9362196', 'OMP_NUM_THREADS': '1', 'OPENBLAS_NUM_THREADS': '1', 'MKL_NUM_THREADS': '1', 'KMP_INIT_AT_FORK': 'FALSE', 'KMP_DUPLICATE_LIB_OK': 'True'})
INFO:__main__:Using 45124.25MB memory per job and on a total of 8 jobs.
WARNING:__main__:Using meta-learned initialization, which might be bad (leakage).
INFO:__main__:Auto-sklearn constructor arguments: {'memory_limit': 45124.25, 'metric': roc_auc, 'time_left_for_this_task': 1200, 'n_jobs': 8, 'seed': 1935172659}
INFO:__main__:Auto-sklearn additional constructor arguments: {}
INFO:__main__:Auto-sklearn fit() arguments: {'dataset_name': 'wilt'}
[WARNING] [2025-01-10 19:24:36,790:Client-AutoML(1935172659):wilt] Capping the per_run_time_limit to 599.0 to have time for a least 2 models in each process.
[WARNING] [2025-01-10 19:24:37,605:Client-AutoMLSMBO(1935172659)::wilt] Dataset wilt already in meta-data. Removing occurence.
[WARNING] [2025-01-10 19:24:38,754:Client-EnsembleBuilder] No runs were available to build an ensemble from
[WARNING] [2025-01-10 19:24:38,875:Client-EnsembleBuilder] No runs were available to build an ensemble from
[WARNING] [2025-01-10 19:24:39,575:Client-EnsembleBuilder] No runs were available to build an ensemble from
[MONITORING] [singularity.openml_t_146820.test.all_tasks.all_folds.autosklearn] CPU Utilization: 12.8%
[MONITORING] [singularity.openml_t_146820.test.all_tasks.all_folds.autosklearn] Memory Usage: 6.3%
[MONITORING] [singularity.openml_t_146820.test.all_tasks.all_folds.autosklearn] Disk Usage: 1.9%
[MONITORING] [python3.9 [1983486]] CPU Utilization: 12.9%
[MONITORING] [python3.9 [1983486]] Memory Usage: 6.3%
[MONITORING] [python3.9 [1983486]] Disk Usage: 0.0%
[MONITORING] [singularity.openml_t_146820.test.all_tasks.all_folds.autosklearn] CPU Utilization: 13.3%
[MONITORING] [singularity.openml_t_146820.test.all_tasks.all_folds.autosklearn] Memory Usage: 6.3%
[MONITORING] [singularity.openml_t_146820.test.all_tasks.all_folds.autosklearn] Disk Usage: 1.9%
[MONITORING] [python3.9 [1983486]] CPU Utilization: 13.3%
[MONITORING] [python3.9 [1983486]] Memory Usage: 6.3%
[MONITORING] [python3.9 [1983486]] Disk Usage: 0.0%
[MONITORING] [singularity.openml_t_146820.test.all_tasks.all_folds.autosklearn] CPU Utilization: 13.4%
[MONITORING] [singularity.openml_t_146820.test.all_tasks.all_folds.autosklearn] Memory Usage: 6.3%
[MONITORING] [singularity.openml_t_146820.test.all_tasks.all_folds.autosklearn] Disk Usage: 1.9%
[MONITORING] [python3.9 [1983486]] CPU Utilization: 13.5%
[MONITORING] [python3.9 [1983486]] Memory Usage: 6.3%
[MONITORING] [python3.9 [1983486]] Disk Usage: 0.0%
[MONITORING] [singularity.openml_t_146820.test.all_tasks.all_folds.autosklearn] CPU Utilization: 13.5%
[MONITORING] [singularity.openml_t_146820.test.all_tasks.all_folds.autosklearn] Memory Usage: 6.3%
[MONITORING] [singularity.openml_t_146820.test.all_tasks.all_folds.autosklearn] Disk Usage: 1.9%
[MONITORING] [python3.9 [1983486]] CPU Utilization: 13.5%
[MONITORING] [python3.9 [1983486]] Memory Usage: 6.3%
[MONITORING] [python3.9 [1983486]] Disk Usage: 0.0%
[MONITORING] [singularity.openml_t_146820.test.all_tasks.all_folds.autosklearn] CPU Utilization: 14.0%
[MONITORING] [singularity.openml_t_146820.test.all_tasks.all_folds.autosklearn] Memory Usage: 6.3%
[MONITORING] [singularity.openml_t_146820.test.all_tasks.all_folds.autosklearn] Disk Usage: 1.9%
[MONITORING] [python3.9 [1983486]] CPU Utilization: 14.0%
[MONITORING] [python3.9 [1983486]] Memory Usage: 6.4%
[MONITORING] [python3.9 [1983486]] Disk Usage: 0.0%
[MONITORING] [singularity.openml_t_146820.test.all_tasks.all_folds.autosklearn] CPU Utilization: 12.4%
[MONITORING] [singularity.openml_t_146820.test.all_tasks.all_folds.autosklearn] Memory Usage: 6.3%
[MONITORING] [singularity.openml_t_146820.test.all_tasks.all_folds.autosklearn] Disk Usage: 1.9%
[MONITORING] [python3.9 [1983486]] CPU Utilization: 12.3%
[MONITORING] [python3.9 [1983486]] Memory Usage: 6.3%
[MONITORING] [python3.9 [1983486]] Disk Usage: 0.0%
[MONITORING] [singularity.openml_t_146820.test.all_tasks.all_folds.autosklearn] CPU Utilization: 13.1%
[MONITORING] [singularity.openml_t_146820.test.all_tasks.all_folds.autosklearn] Memory Usage: 6.3%
[MONITORING] [singularity.openml_t_146820.test.all_tasks.all_folds.autosklearn] Disk Usage: 1.9%
[MONITORING] [python3.9 [1983486]] CPU Utilization: 13.1%
[MONITORING] [python3.9 [1983486]] Memory Usage: 6.3%
[MONITORING] [python3.9 [1983486]] Disk Usage: 0.0%
[MONITORING] [singularity.openml_t_146820.test.all_tasks.all_folds.autosklearn] CPU Utilization: 11.1%
[MONITORING] [singularity.openml_t_146820.test.all_tasks.all_folds.autosklearn] Memory Usage: 6.4%
[MONITORING] [singularity.openml_t_146820.test.all_tasks.all_folds.autosklearn] Disk Usage: 1.9%
[MONITORING] [python3.9 [1983486]] CPU Utilization: 11.1%
[MONITORING] [python3.9 [1983486]] Memory Usage: 6.4%
[MONITORING] [python3.9 [1983486]] Disk Usage: 0.0%
[MONITORING] [singularity.openml_t_146820.test.all_tasks.all_folds.autosklearn] CPU Utilization: 13.1%
[MONITORING] [singularity.openml_t_146820.test.all_tasks.all_folds.autosklearn] Memory Usage: 6.5%
[MONITORING] [singularity.openml_t_146820.test.all_tasks.all_folds.autosklearn] Disk Usage: 1.9%
[MONITORING] [python3.9 [1983486]] CPU Utilization: 13.1%
[MONITORING] [python3.9 [1983486]] Memory Usage: 6.5%
[MONITORING] [python3.9 [1983486]] Disk Usage: 0.0%
[MONITORING] [singularity.openml_t_146820.test.all_tasks.all_folds.autosklearn] CPU Utilization: 12.8%
[MONITORING] [singularity.openml_t_146820.test.all_tasks.all_folds.autosklearn] Memory Usage: 6.5%
[MONITORING] [singularity.openml_t_146820.test.all_tasks.all_folds.autosklearn] Disk Usage: 1.9%
[MONITORING] [python3.9 [1983486]] CPU Utilization: 12.7%
[MONITORING] [python3.9 [1983486]] Memory Usage: 6.5%
[MONITORING] [python3.9 [1983486]] Disk Usage: 0.0%
Finished fit in 1204.6249589920044s.
Finished predict in 0.7542140483856201s.
Trained Ensemble:
%s {144: {'model_id': 144, 'rank': 1, 'cost': 0.0032805429864253277, 'ensemble_weight': 0.06, 'data_preprocessor': <autosklearn.pipeline.components.data_preprocessing.DataPreprocessorChoice object at 0x147c041af5e0>, 'balancing': Balancing(random_state=1935172659), 'feature_preprocessor': <autosklearn.pipeline.components.feature_preprocessing.FeaturePreprocessorChoice object at 0x147bfcdd7ee0>, 'classifier': <autosklearn.pipeline.components.classification.ClassifierChoice object at 0x147bfd594790>, 'sklearn_classifier': RandomForestClassifier(max_features=2, min_samples_split=5, n_estimators=512,
                       n_jobs=1, random_state=1935172659, warm_start=True)}, 148: {'model_id': 148, 'rank': 2, 'cost': 0.0036670437405731393, 'ensemble_weight': 0.04, 'data_preprocessor': <autosklearn.pipeline.components.data_preprocessing.DataPreprocessorChoice object at 0x147c44fe6880>, 'balancing': Balancing(random_state=1935172659), 'feature_preprocessor': <autosklearn.pipeline.components.feature_preprocessing.FeaturePreprocessorChoice object at 0x147c4852f460>, 'classifier': <autosklearn.pipeline.components.classification.ClassifierChoice object at 0x147c48d9d730>, 'sklearn_classifier': RandomForestClassifier(max_features=2, min_samples_leaf=3, min_samples_split=5,
                       n_estimators=512, n_jobs=1, random_state=1935172659,
                       warm_start=True)}, 230: {'model_id': 230, 'rank': 3, 'cost': 0.0033182503770738947, 'ensemble_weight': 0.04, 'data_preprocessor': <autosklearn.pipeline.components.data_preprocessing.DataPreprocessorChoice object at 0x147bfc19c1c0>, 'balancing': Balancing(random_state=1935172659), 'feature_preprocessor': <autosklearn.pipeline.components.feature_preprocessing.FeaturePreprocessorChoice object at 0x147bfc15a340>, 'classifier': <autosklearn.pipeline.components.classification.ClassifierChoice object at 0x147bfb545fd0>, 'sklearn_classifier': RandomForestClassifier(criterion='entropy', max_features=2, min_samples_split=5,
                       n_estimators=512, n_jobs=1, random_state=1935172659,
                       warm_start=True)}, 268: {'model_id': 268, 'rank': 4, 'cost': 0.0035916289592761164, 'ensemble_weight': 0.02, 'data_preprocessor': <autosklearn.pipeline.components.data_preprocessing.DataPreprocessorChoice object at 0x147bfc14ba00>, 'balancing': Balancing(random_state=1935172659), 'feature_preprocessor': <autosklearn.pipeline.components.feature_preprocessing.FeaturePreprocessorChoice object at 0x147c4c8e0160>, 'classifier': <autosklearn.pipeline.components.classification.ClassifierChoice object at 0x147befae31f0>, 'sklearn_classifier': RandomForestClassifier(criterion='entropy', max_features=2, min_samples_split=6,
                       n_estimators=512, n_jobs=1, random_state=1935172659,
                       warm_start=True)}, 284: {'model_id': 284, 'rank': 5, 'cost': 0.003648190045248856, 'ensemble_weight': 0.06, 'data_preprocessor': <autosklearn.pipeline.components.data_preprocessing.DataPreprocessorChoice object at 0x147c046f3ac0>, 'balancing': Balancing(random_state=1935172659), 'feature_preprocessor': <autosklearn.pipeline.components.feature_preprocessing.FeaturePreprocessorChoice object at 0x147c484f0be0>, 'classifier': <autosklearn.pipeline.components.classification.ClassifierChoice object at 0x147c4629d640>, 'sklearn_classifier': RandomForestClassifier(criterion='entropy', max_features=2, min_samples_leaf=2,
                       min_samples_split=6, n_estimators=512, n_jobs=1,
                       random_state=1935172659, warm_start=True)}, 317: {'model_id': 317, 'rank': 6, 'cost': 0.003572775263951722, 'ensemble_weight': 0.04, 'data_preprocessor': <autosklearn.pipeline.components.data_preprocessing.DataPreprocessorChoice object at 0x147c44d59760>, 'balancing': Balancing(random_state=1935172659), 'feature_preprocessor': <autosklearn.pipeline.components.feature_preprocessing.FeaturePreprocessorChoice object at 0x147bf8a45520>, 'classifier': <autosklearn.pipeline.components.classification.ClassifierChoice object at 0x147bed0c36a0>, 'sklearn_classifier': RandomForestClassifier(criterion='entropy', max_features=2, min_samples_split=6,
                       n_estimators=512, n_jobs=1, random_state=1935172659,
                       warm_start=True)}, 341: {'model_id': 341, 'rank': 7, 'cost': 0.003525641025641013, 'ensemble_weight': 0.06, 'data_preprocessor': <autosklearn.pipeline.components.data_preprocessing.DataPreprocessorChoice object at 0x147c4c5a2250>, 'balancing': Balancing(random_state=1935172659, strategy='weighting'), 'feature_preprocessor': <autosklearn.pipeline.components.feature_preprocessing.FeaturePreprocessorChoice object at 0x147beb57ca90>, 'classifier': <autosklearn.pipeline.components.classification.ClassifierChoice object at 0x147beb57c9d0>, 'sklearn_classifier': RandomForestClassifier(criterion='entropy', max_features=2, min_samples_split=7,
                       n_estimators=512, n_jobs=1, random_state=1935172659,
                       warm_start=True)}, 342: {'model_id': 342, 'rank': 8, 'cost': 0.0034690799396681626, 'ensemble_weight': 0.04, 'data_preprocessor': <autosklearn.pipeline.components.data_preprocessing.DataPreprocessorChoice object at 0x147bfab23f40>, 'balancing': Balancing(random_state=1935172659, strategy='weighting'), 'feature_preprocessor': <autosklearn.pipeline.components.feature_preprocessing.FeaturePreprocessorChoice object at 0x147c44b89970>, 'classifier': <autosklearn.pipeline.components.classification.ClassifierChoice object at 0x147c44b89070>, 'sklearn_classifier': RandomForestClassifier(criterion='entropy', max_features=2, min_samples_split=8,
                       n_estimators=512, n_jobs=1, random_state=1935172659,
                       warm_start=True)}, 345: {'model_id': 345, 'rank': 9, 'cost': 0.003535067873303155, 'ensemble_weight': 0.04, 'data_preprocessor': <autosklearn.pipeline.components.data_preprocessing.DataPreprocessorChoice object at 0x147bf96af7f0>, 'balancing': Balancing(random_state=1935172659, strategy='weighting'), 'feature_preprocessor': <autosklearn.pipeline.components.feature_preprocessing.FeaturePreprocessorChoice object at 0x147bf78af9d0>, 'classifier': <autosklearn.pipeline.components.classification.ClassifierChoice object at 0x147bf78af070>, 'sklearn_classifier': RandomForestClassifier(criterion='entropy', max_features=3, min_samples_split=6,
                       n_estimators=512, n_jobs=1, random_state=1935172659,
                       warm_start=True)}, 358: {'model_id': 358, 'rank': 10, 'cost': 0.003685897435897534, 'ensemble_weight': 0.06, 'data_preprocessor': <autosklearn.pipeline.components.data_preprocessing.DataPreprocessorChoice object at 0x147c44b89b50>, 'balancing': Balancing(random_state=1935172659), 'feature_preprocessor': <autosklearn.pipeline.components.feature_preprocessing.FeaturePreprocessorChoice object at 0x147bec208310>, 'classifier': <autosklearn.pipeline.components.classification.ClassifierChoice object at 0x147bec208700>, 'sklearn_classifier': RandomForestClassifier(criterion='entropy', max_features=2, min_samples_split=6,
                       n_estimators=512, n_jobs=1, random_state=1935172659,
                       warm_start=True)}, 385: {'model_id': 385, 'rank': 11, 'cost': 0.003525641025641013, 'ensemble_weight': 0.08, 'data_preprocessor': <autosklearn.pipeline.components.data_preprocessing.DataPreprocessorChoice object at 0x147bee7928e0>, 'balancing': Balancing(random_state=1935172659), 'feature_preprocessor': <autosklearn.pipeline.components.feature_preprocessing.FeaturePreprocessorChoice object at 0x147beef8a490>, 'classifier': <autosklearn.pipeline.components.classification.ClassifierChoice object at 0x147beef8a6a0>, 'sklearn_classifier': RandomForestClassifier(max_features=2, min_samples_split=6, n_estimators=512,
                       n_jobs=1, random_state=1935172659, warm_start=True)}, 431: {'model_id': 431, 'rank': 12, 'cost': 0.003535067873303155, 'ensemble_weight': 0.04, 'data_preprocessor': <autosklearn.pipeline.components.data_preprocessing.DataPreprocessorChoice object at 0x147bf4a781f0>, 'balancing': Balancing(random_state=1935172659), 'feature_preprocessor': <autosklearn.pipeline.components.feature_preprocessing.FeaturePreprocessorChoice object at 0x147bfd023e20>, 'classifier': <autosklearn.pipeline.components.classification.ClassifierChoice object at 0x147bfc9c4370>, 'sklearn_classifier': RandomForestClassifier(criterion='entropy', max_features=2, min_samples_split=7,
                       n_estimators=512, n_jobs=1, random_state=1935172659,
                       warm_start=True)}, 432: {'model_id': 432, 'rank': 13, 'cost': 0.0034785067873304154, 'ensemble_weight': 0.02, 'data_preprocessor': <autosklearn.pipeline.components.data_preprocessing.DataPreprocessorChoice object at 0x147bf90ee070>, 'balancing': Balancing(random_state=1935172659), 'feature_preprocessor': <autosklearn.pipeline.components.feature_preprocessing.FeaturePreprocessorChoice object at 0x147c05b4f040>, 'classifier': <autosklearn.pipeline.components.classification.ClassifierChoice object at 0x147c04ede5e0>, 'sklearn_classifier': RandomForestClassifier(criterion='entropy', max_features=2, min_samples_leaf=2,
                       min_samples_split=4, n_estimators=512, n_jobs=1,
                       random_state=1935172659, warm_start=True)}, 441: {'model_id': 441, 'rank': 14, 'cost': 0.003535067873303155, 'ensemble_weight': 0.02, 'data_preprocessor': <autosklearn.pipeline.components.data_preprocessing.DataPreprocessorChoice object at 0x147bec7e6af0>, 'balancing': Balancing(random_state=1935172659, strategy='weighting'), 'feature_preprocessor': <autosklearn.pipeline.components.feature_preprocessing.FeaturePreprocessorChoice object at 0x147c04153310>, 'classifier': <autosklearn.pipeline.components.classification.ClassifierChoice object at 0x147bfe5dc7c0>, 'sklearn_classifier': RandomForestClassifier(criterion='entropy', max_features=2, min_samples_split=5,
                       n_estimators=512, n_jobs=1, random_state=1935172659,
                       warm_start=True)}, 444: {'model_id': 444, 'rank': 15, 'cost': 0.003412518853695312, 'ensemble_weight': 0.04, 'data_preprocessor': <autosklearn.pipeline.components.data_preprocessing.DataPreprocessorChoice object at 0x147bfd00ae50>, 'balancing': Balancing(random_state=1935172659), 'feature_preprocessor': <autosklearn.pipeline.components.feature_preprocessing.FeaturePreprocessorChoice object at 0x147bf9e63ac0>, 'classifier': <autosklearn.pipeline.components.classification.ClassifierChoice object at 0x147bfd5948e0>, 'sklearn_classifier': RandomForestClassifier(criterion='entropy', max_features=2, min_samples_split=7,
                       n_estimators=512, n_jobs=1, random_state=1935172659,
                       warm_start=True)}, 460: {'model_id': 460, 'rank': 16, 'cost': 0.00356334841628958, 'ensemble_weight': 0.1, 'data_preprocessor': <autosklearn.pipeline.components.data_preprocessing.DataPreprocessorChoice object at 0x147c06a69be0>, 'balancing': Balancing(random_state=1935172659), 'feature_preprocessor': <autosklearn.pipeline.components.feature_preprocessing.FeaturePreprocessorChoice object at 0x147bfbe3ccd0>, 'classifier': <autosklearn.pipeline.components.classification.ClassifierChoice object at 0x147bfc6b6c40>, 'sklearn_classifier': RandomForestClassifier(criterion='entropy', max_features=2, n_estimators=512,
                       n_jobs=1, random_state=1935172659, warm_start=True)}, 463: {'model_id': 463, 'rank': 17, 'cost': 0.0034785067873304154, 'ensemble_weight': 0.04, 'data_preprocessor': <autosklearn.pipeline.components.data_preprocessing.DataPreprocessorChoice object at 0x147c06eac6d0>, 'balancing': Balancing(random_state=1935172659), 'feature_preprocessor': <autosklearn.pipeline.components.feature_preprocessing.FeaturePreprocessorChoice object at 0x147bfd38ddf0>, 'classifier': <autosklearn.pipeline.components.classification.ClassifierChoice object at 0x147bfd38dc10>, 'sklearn_classifier': RandomForestClassifier(criterion='entropy', max_features=2, min_samples_leaf=2,
                       n_estimators=512, n_jobs=1, random_state=1935172659,
                       warm_start=True)}, 472: {'model_id': 472, 'rank': 18, 'cost': 0.0034313725490195957, 'ensemble_weight': 0.02, 'data_preprocessor': <autosklearn.pipeline.components.data_preprocessing.DataPreprocessorChoice object at 0x147bfb95ef70>, 'balancing': Balancing(random_state=1935172659, strategy='weighting'), 'feature_preprocessor': <autosklearn.pipeline.components.feature_preprocessing.FeaturePreprocessorChoice object at 0x147c067074f0>, 'classifier': <autosklearn.pipeline.components.classification.ClassifierChoice object at 0x147c048c42e0>, 'sklearn_classifier': RandomForestClassifier(criterion='entropy', max_features=3, min_samples_split=7,
                       n_estimators=512, n_jobs=1, random_state=1935172659,
                       warm_start=True)}, 475: {'model_id': 475, 'rank': 19, 'cost': 0.0032239819004524772, 'ensemble_weight': 0.02, 'data_preprocessor': <autosklearn.pipeline.components.data_preprocessing.DataPreprocessorChoice object at 0x147bfc9e3d00>, 'balancing': Balancing(random_state=1935172659, strategy='weighting'), 'feature_preprocessor': <autosklearn.pipeline.components.feature_preprocessing.FeaturePreprocessorChoice object at 0x147c06a5b7c0>, 'classifier': <autosklearn.pipeline.components.classification.ClassifierChoice object at 0x147c06a5b400>, 'sklearn_classifier': RandomForestClassifier(criterion='entropy', max_features=2, min_samples_leaf=2,
                       n_estimators=512, n_jobs=1, random_state=1935172659,
                       warm_start=True)}, 489: {'model_id': 489, 'rank': 20, 'cost': 0.003412518853695312, 'ensemble_weight': 0.02, 'data_preprocessor': <autosklearn.pipeline.components.data_preprocessing.DataPreprocessorChoice object at 0x147bfdf8ea90>, 'balancing': Balancing(random_state=1935172659), 'feature_preprocessor': <autosklearn.pipeline.components.feature_preprocessing.FeaturePreprocessorChoice object at 0x147c4906a970>, 'classifier': <autosklearn.pipeline.components.classification.ClassifierChoice object at 0x147c4906ae20>, 'sklearn_classifier': RandomForestClassifier(criterion='entropy', max_features=2, min_samples_split=7,
                       n_estimators=512, n_jobs=1, random_state=1935172659,
                       warm_start=True)}, 491: {'model_id': 491, 'rank': 21, 'cost': 0.003497360482654477, 'ensemble_weight': 0.04, 'data_preprocessor': <autosklearn.pipeline.components.data_preprocessing.DataPreprocessorChoice object at 0x147bff442c70>, 'balancing': Balancing(random_state=1935172659, strategy='weighting'), 'feature_preprocessor': <autosklearn.pipeline.components.feature_preprocessing.FeaturePreprocessorChoice object at 0x147c49160280>, 'classifier': <autosklearn.pipeline.components.classification.ClassifierChoice object at 0x147c48c58550>, 'sklearn_classifier': RandomForestClassifier(max_features=2, min_samples_split=3, n_estimators=512,
                       n_jobs=1, random_state=1935172659, warm_start=True)}, 512: {'model_id': 512, 'rank': 22, 'cost': 0.0035539215686274384, 'ensemble_weight': 0.06, 'data_preprocessor': <autosklearn.pipeline.components.data_preprocessing.DataPreprocessorChoice object at 0x147c478d0a90>, 'balancing': Balancing(random_state=1935172659, strategy='weighting'), 'feature_preprocessor': <autosklearn.pipeline.components.feature_preprocessing.FeaturePreprocessorChoice object at 0x147c462899d0>, 'classifier': <autosklearn.pipeline.components.classification.ClassifierChoice object at 0x147c480c4bb0>, 'sklearn_classifier': RandomForestClassifier(criterion='entropy', max_features=2, min_samples_leaf=2,
                       n_estimators=512, n_jobs=1, random_state=1935172659,
                       warm_start=True)}, 526: {'model_id': 526, 'rank': 23, 'cost': 0.0034785067873303044, 'ensemble_weight': 0.02, 'data_preprocessor': <autosklearn.pipeline.components.data_preprocessing.DataPreprocessorChoice object at 0x147c485f7fa0>, 'balancing': Balancing(random_state=1935172659), 'feature_preprocessor': <autosklearn.pipeline.components.feature_preprocessing.FeaturePreprocessorChoice object at 0x147c4c535580>, 'classifier': <autosklearn.pipeline.components.classification.ClassifierChoice object at 0x147c4a4c4f40>, 'sklearn_classifier': RandomForestClassifier(criterion='entropy', max_features=2, min_samples_split=7,
                       n_estimators=512, n_jobs=1, random_state=1935172659,
                       warm_start=True)}, 527: {'model_id': 527, 'rank': 24, 'cost': 0.0034785067873304154, 'ensemble_weight': 0.02, 'data_preprocessor': <autosklearn.pipeline.components.data_preprocessing.DataPreprocessorChoice object at 0x147c07f71130>, 'balancing': Balancing(random_state=1935172659), 'feature_preprocessor': <autosklearn.pipeline.components.feature_preprocessing.FeaturePreprocessorChoice object at 0x147beabac340>, 'classifier': <autosklearn.pipeline.components.classification.ClassifierChoice object at 0x147bec528820>, 'sklearn_classifier': RandomForestClassifier(criterion='entropy', max_features=2, min_samples_leaf=2,
                       min_samples_split=4, n_estimators=512, n_jobs=1,
                       random_state=1935172659, warm_start=True)}}
[WARNING] [2025-01-10 19:44:39,501:amlb.utils.process] Terminating process psutil.Process(pid=1984167, name='python', status='sleeping', started='19:24:32').
[WARNING] [2025-01-10 19:44:39,502:amlb.utils.process] Terminating process psutil.Process(pid=1984169, name='python', status='sleeping', started='19:24:32').
[WARNING] [2025-01-10 19:44:44,519:amlb.utils.process] Killing process psutil.Process(pid=1984167, name='python', status='sleeping', started='19:24:32').



Predictions preview:
            1         2 predictions truth
0   0.985067  0.014933           1     1
1   0.999961  0.000039           1     1
2   1.000000  0.000000           1     1
3   1.000000  0.000000           1     1
4   0.965984  0.034016           1     1
5   0.989183  0.010817           1     1
6   0.999736  0.000264           1     1
7   1.000000  0.000000           1     1
8   0.989852  0.010148           1     1
9   0.996821  0.003179           1     1
10  0.999922  0.000078           1     1
11  0.993014  0.006986           1     1
12  0.997149  0.002851           1     1
13  0.996893  0.003107           1     1
14  0.996402  0.003598           1     1
15  0.999980  0.000020           1     1
16  0.980024  0.019976           1     1
17  0.999863  0.000137           1     1
18  0.998146  0.001854           1     1
19  1.000000  0.000000           1     1

Predictions saved to `/output/predictions/wilt/0/predictions.csv`.
Loading metadata from `/output/predictions/wilt/0/metadata.json`.
Loading predictions from `/output/predictions/wilt/0/predictions.csv`.
Metric scores: { 'acc': 0.981404958677686,
  'app_version': 'dev '
                 '[https://github.com/SubhadityaMukherjee/automlbenchmark.git, '
                 'singularity, 7980953]',
  'auc': 0.9919381928115553,
  'balacc': 0.8994793416190796,
  'constraint': 'test',
  'duration': nan,
  'fold': 0,
  'framework': 'autosklearn',
  'id': 'openml.org/t/146820',
  'info': None,
  'logloss': 0.041511295888329046,
  'metric': 'auc',
  'mode': 'singularity',
  'models_count': 24,
  'params': "{'_save_artifacts': ['models']}",
  'predict_duration': 0.7542140483856201,
  'result': 0.9919381928115553,
  'seed': 1935172659,
  'task': 'wilt',
  'training_duration': 1204.6249589920044,
  'type': 'binary',
  'utc': '2025-01-10T18:44:46',
  'version': '0.15.0'}
Job `local.openml_t_146820.test.wilt.0.autosklearn` executed in 1215.343 seconds.
Scores saved to `/output/scores/results.csv`.
Scores saved to `/output/results.csv`.

-----------------------------------------------------------
Starting job local.openml_t_146820.test.wilt.1.autosklearn.
Assigning 8 cores (total=192) for new task wilt.
Assigning 360272 MB (total=386603 MB) for new wilt task.
Running task wilt on framework autosklearn with config:
TaskConfig({'framework': 'autosklearn', 'framework_params': {'_save_artifacts': ['models']}, 'framework_version': '0.15.0', 'type': 'classification', 'name': 'wilt', 'openml_task_id': 146820, 'test_server': False, 'fold': 1, 'metric': 'auc', 'metrics': ['auc', 'logloss', 'acc', 'balacc'], 'seed': 1935172660, 'job_timeout_seconds': 2400, 'max_runtime_seconds': 1200, 'cores': 8, 'max_mem_size_mb': 360272, 'min_vol_size_mb': -1, 'input_dir': '/input', 'output_dir': '/output/', 'output_predictions_file': '/output/predictions/wilt/1/predictions.csv', 'tag': None, 'command': 'runbenchmark.py autosklearn openml/t/146820 test -Xseed=auto -i /input -o /output -u /custom -s skip -Xrun_mode=singularity --session=', 'git_info': {'repo': 'https://github.com/SubhadityaMukherjee/automlbenchmark.git', 'branch': 'singularity', 'commit': '7980953509ddbe0c961203f526b6110f33d9cc4e', 'tags': [], 'status': ['## singularity...origin/singularity', ' M amlb/runners/singularity.py']}, 'measure_inference_time': False, 'ext': {}, 'quantile_levels': [0.1, 0.2, 0.3, 0.4, 0.5, 0.6, 0.7, 0.8, 0.9], 'type_': 'binary', 'output_metadata_file': '/output/predictions/wilt/1/metadata.json'})
Running cmd `/bench/frameworks/autosklearn/venv/bin/python -W ignore /bench/frameworks/autosklearn/exec.py`
INFO:__main__:
**** Auto-sklearn [v0.15.0]****

INFO:__main__:Running Auto-sklearn for wilt with a maximum time of 1200s on 8 cores with 360272MB, optimizing roc_auc.
[MONITORING] [singularity.openml_t_146820.test.all_tasks.all_folds.autosklearn] CPU Utilization: 12.4%
[MONITORING] [singularity.openml_t_146820.test.all_tasks.all_folds.autosklearn] Memory Usage: 6.2%
[MONITORING] [singularity.openml_t_146820.test.all_tasks.all_folds.autosklearn] Disk Usage: 1.9%
[MONITORING] [python3.9 [1983486]] CPU Utilization: 12.5%
[MONITORING] [python3.9 [1983486]] Memory Usage: 6.2%
[MONITORING] [python3.9 [1983486]] Disk Usage: 0.0%
[MONITORING] [singularity.openml_t_146820.test.all_tasks.all_folds.autosklearn] CPU Utilization: 12.7%
[MONITORING] [singularity.openml_t_146820.test.all_tasks.all_folds.autosklearn] Memory Usage: 6.5%
[MONITORING] [singularity.openml_t_146820.test.all_tasks.all_folds.autosklearn] Disk Usage: 1.9%
[MONITORING] [python3.9 [1983486]] CPU Utilization: 12.7%
[MONITORING] [python3.9 [1983486]] Memory Usage: 6.5%
[MONITORING] [python3.9 [1983486]] Disk Usage: 0.0%
INFO:__main__:Environment: environ({'AMLB_LOG_TRACE': '5', 'AMLB_PATH': '/bench', 'TMPDIR': '/scratch-local/smukherjee.9362196', 'PATH': '/bench/frameworks/autosklearn/venv/bin:/usr/local/sbin:/usr/local/bin:/usr/sbin:/usr/bin:/sbin:/bin', 'PWD': '/bench', 'PYTHONPATH': '/bench', 'LC_CTYPE': 'C.UTF-8', 'JOBLIB_TEMP_FOLDER': '/scratch-local/smukherjee.9362196', 'OMP_NUM_THREADS': '1', 'OPENBLAS_NUM_THREADS': '1', 'MKL_NUM_THREADS': '1', 'KMP_INIT_AT_FORK': 'FALSE', 'KMP_DUPLICATE_LIB_OK': 'True'})
INFO:__main__:Using 45034.0MB memory per job and on a total of 8 jobs.
WARNING:__main__:Using meta-learned initialization, which might be bad (leakage).
INFO:__main__:Auto-sklearn constructor arguments: {'memory_limit': 45034.0, 'metric': roc_auc, 'time_left_for_this_task': 1200, 'n_jobs': 8, 'seed': 1935172660}
INFO:__main__:Auto-sklearn additional constructor arguments: {}
INFO:__main__:Auto-sklearn fit() arguments: {'dataset_name': 'wilt'}
[WARNING] [2025-01-10 19:50:17,558:Client-AutoML(1935172660):wilt] Capping the per_run_time_limit to 599.0 to have time for a least 2 models in each process.
[WARNING] [2025-01-10 19:50:18,354:Client-AutoMLSMBO(1935172660)::wilt] Dataset wilt already in meta-data. Removing occurence.
[WARNING] [2025-01-10 19:50:19,266:Client-EnsembleBuilder] No runs were available to build an ensemble from
[WARNING] [2025-01-10 19:50:19,467:Client-EnsembleBuilder] No runs were available to build an ensemble from
[WARNING] [2025-01-10 19:50:19,918:Client-EnsembleBuilder] No runs were available to build an ensemble from
[MONITORING] [singularity.openml_t_146820.test.all_tasks.all_folds.autosklearn] CPU Utilization: 8.4%
[MONITORING] [singularity.openml_t_146820.test.all_tasks.all_folds.autosklearn] Memory Usage: 5.8%
[MONITORING] [singularity.openml_t_146820.test.all_tasks.all_folds.autosklearn] Disk Usage: 1.9%
[MONITORING] [python3.9 [1983486]] CPU Utilization: 8.2%
[MONITORING] [python3.9 [1983486]] Memory Usage: 5.8%
[MONITORING] [python3.9 [1983486]] Disk Usage: 0.0%
[MONITORING] [singularity.openml_t_146820.test.all_tasks.all_folds.autosklearn] CPU Utilization: 1.3%
[MONITORING] [singularity.openml_t_146820.test.all_tasks.all_folds.autosklearn] Memory Usage: 5.8%
[MONITORING] [singularity.openml_t_146820.test.all_tasks.all_folds.autosklearn] Disk Usage: 1.9%
[MONITORING] [python3.9 [1983486]] CPU Utilization: 1.3%
[MONITORING] [python3.9 [1983486]] Memory Usage: 5.8%
[MONITORING] [python3.9 [1983486]] Disk Usage: 0.0%
[MONITORING] [singularity.openml_t_146820.test.all_tasks.all_folds.autosklearn] CPU Utilization: 1.2%
[MONITORING] [singularity.openml_t_146820.test.all_tasks.all_folds.autosklearn] Memory Usage: 5.8%
[MONITORING] [singularity.openml_t_146820.test.all_tasks.all_folds.autosklearn] Disk Usage: 1.9%
[MONITORING] [python3.9 [1983486]] CPU Utilization: 1.2%
[MONITORING] [python3.9 [1983486]] Memory Usage: 5.8%
[MONITORING] [python3.9 [1983486]] Disk Usage: 0.0%
[MONITORING] [singularity.openml_t_146820.test.all_tasks.all_folds.autosklearn] CPU Utilization: 1.1%
[MONITORING] [singularity.openml_t_146820.test.all_tasks.all_folds.autosklearn] Memory Usage: 5.8%
[MONITORING] [singularity.openml_t_146820.test.all_tasks.all_folds.autosklearn] Disk Usage: 1.9%
[MONITORING] [python3.9 [1983486]] CPU Utilization: 1.1%
[MONITORING] [python3.9 [1983486]] Memory Usage: 5.8%
[MONITORING] [python3.9 [1983486]] Disk Usage: 0.0%
[MONITORING] [singularity.openml_t_146820.test.all_tasks.all_folds.autosklearn] CPU Utilization: 1.1%
[MONITORING] [singularity.openml_t_146820.test.all_tasks.all_folds.autosklearn] Memory Usage: 5.9%
[MONITORING] [singularity.openml_t_146820.test.all_tasks.all_folds.autosklearn] Disk Usage: 1.9%
[MONITORING] [python3.9 [1983486]] CPU Utilization: 1.1%
[MONITORING] [python3.9 [1983486]] Memory Usage: 6.0%
[MONITORING] [python3.9 [1983486]] Disk Usage: 0.0%
[MONITORING] [singularity.openml_t_146820.test.all_tasks.all_folds.autosklearn] CPU Utilization: 1.1%
[MONITORING] [singularity.openml_t_146820.test.all_tasks.all_folds.autosklearn] Memory Usage: 5.9%
[MONITORING] [singularity.openml_t_146820.test.all_tasks.all_folds.autosklearn] Disk Usage: 1.9%
[MONITORING] [python3.9 [1983486]] CPU Utilization: 1.1%
[MONITORING] [python3.9 [1983486]] Memory Usage: 5.9%
[MONITORING] [python3.9 [1983486]] Disk Usage: 0.0%
[MONITORING] [singularity.openml_t_146820.test.all_tasks.all_folds.autosklearn] CPU Utilization: 1.1%
[MONITORING] [singularity.openml_t_146820.test.all_tasks.all_folds.autosklearn] Memory Usage: 5.9%
[MONITORING] [singularity.openml_t_146820.test.all_tasks.all_folds.autosklearn] Disk Usage: 1.9%
[MONITORING] [python3.9 [1983486]] CPU Utilization: 1.1%
[MONITORING] [python3.9 [1983486]] Memory Usage: 5.9%
[MONITORING] [python3.9 [1983486]] Disk Usage: 0.0%
[MONITORING] [singularity.openml_t_146820.test.all_tasks.all_folds.autosklearn] CPU Utilization: 0.9%
[MONITORING] [singularity.openml_t_146820.test.all_tasks.all_folds.autosklearn] Memory Usage: 5.9%
[MONITORING] [singularity.openml_t_146820.test.all_tasks.all_folds.autosklearn] Disk Usage: 1.9%
[MONITORING] [python3.9 [1983486]] CPU Utilization: 0.9%
[MONITORING] [python3.9 [1983486]] Memory Usage: 5.9%
[MONITORING] [python3.9 [1983486]] Disk Usage: 0.0%
[MONITORING] [singularity.openml_t_146820.test.all_tasks.all_folds.autosklearn] CPU Utilization: 0.8%
[MONITORING] [singularity.openml_t_146820.test.all_tasks.all_folds.autosklearn] Memory Usage: 5.9%
[MONITORING] [singularity.openml_t_146820.test.all_tasks.all_folds.autosklearn] Disk Usage: 1.9%
[MONITORING] [python3.9 [1983486]] CPU Utilization: 0.8%
[MONITORING] [python3.9 [1983486]] Memory Usage: 5.9%
[MONITORING] [python3.9 [1983486]] Disk Usage: 0.0%
[MONITORING] [singularity.openml_t_146820.test.all_tasks.all_folds.autosklearn] CPU Utilization: 0.9%
[MONITORING] [singularity.openml_t_146820.test.all_tasks.all_folds.autosklearn] Memory Usage: 5.9%
[MONITORING] [singularity.openml_t_146820.test.all_tasks.all_folds.autosklearn] Disk Usage: 1.9%
[MONITORING] [python3.9 [1983486]] CPU Utilization: 0.9%
[MONITORING] [python3.9 [1983486]] Memory Usage: 5.9%
[MONITORING] [python3.9 [1983486]] Disk Usage: 0.0%
Finished fit in 1533.3966705799103s.
Finished predict in 0.19210290908813477s.
Trained Ensemble:
%s {136: {'model_id': 136, 'rank': 1, 'cost': 0.0038367269984916907, 'ensemble_weight': 0.02, 'data_preprocessor': <autosklearn.pipeline.components.data_preprocessing.DataPreprocessorChoice object at 0x149f6a7774c0>, 'balancing': Balancing(random_state=1935172660, strategy='weighting'), 'feature_preprocessor': <autosklearn.pipeline.components.feature_preprocessing.FeaturePreprocessorChoice object at 0x149f6aebff40>, 'classifier': <autosklearn.pipeline.components.classification.ClassifierChoice object at 0x149f6aebf880>, 'sklearn_classifier': HistGradientBoostingClassifier(early_stopping=False,
                               l2_regularization=4.955026726267394e-09,
                               learning_rate=0.251554675507399, max_iter=512,
                               min_samples_leaf=14, n_iter_no_change=0,
                               random_state=1935172660,
                               validation_fraction=None, warm_start=True)}, 144: {'model_id': 144, 'rank': 2, 'cost': 0.004062971342383093, 'ensemble_weight': 0.04, 'data_preprocessor': <autosklearn.pipeline.components.data_preprocessing.DataPreprocessorChoice object at 0x149f14a493a0>, 'balancing': Balancing(random_state=1935172660, strategy='weighting'), 'feature_preprocessor': <autosklearn.pipeline.components.feature_preprocessing.FeaturePreprocessorChoice object at 0x149f4b42d370>, 'classifier': <autosklearn.pipeline.components.classification.ClassifierChoice object at 0x149f6014be20>, 'sklearn_classifier': HistGradientBoostingClassifier(early_stopping=False,
                               l2_regularization=1.1978883234141223e-09,
                               learning_rate=0.23074054963370805, max_iter=512,
                               max_leaf_nodes=19, min_samples_leaf=19,
                               n_iter_no_change=0, random_state=1935172660,
                               validation_fraction=None, warm_start=True)}, 156: {'model_id': 156, 'rank': 3, 'cost': 0.003459653092006021, 'ensemble_weight': 0.02, 'data_preprocessor': <autosklearn.pipeline.components.data_preprocessing.DataPreprocessorChoice object at 0x149f6e664d90>, 'balancing': Balancing(random_state=1935172660, strategy='weighting'), 'feature_preprocessor': <autosklearn.pipeline.components.feature_preprocessing.FeaturePreprocessorChoice object at 0x149f21a3bd00>, 'classifier': <autosklearn.pipeline.components.classification.ClassifierChoice object at 0x149f21a3bca0>, 'sklearn_classifier': HistGradientBoostingClassifier(early_stopping=False,
                               l2_regularization=3.393536392184377e-09,
                               learning_rate=0.1890509857207532, max_iter=512,
                               max_leaf_nodes=1324, min_samples_leaf=14,
                               n_iter_no_change=0, random_state=1935172660,
                               validation_fraction=None, warm_start=True)}, 256: {'model_id': 256, 'rank': 4, 'cost': 0.00396398944193066, 'ensemble_weight': 0.02, 'data_preprocessor': <autosklearn.pipeline.components.data_preprocessing.DataPreprocessorChoice object at 0x149f4b93c730>, 'balancing': Balancing(random_state=1935172660, strategy='weighting'), 'feature_preprocessor': <autosklearn.pipeline.components.feature_preprocessing.FeaturePreprocessorChoice object at 0x149f6aebf250>, 'classifier': <autosklearn.pipeline.components.classification.ClassifierChoice object at 0x149f6aebff10>, 'sklearn_classifier': HistGradientBoostingClassifier(early_stopping=False,
                               l2_regularization=6.733819255025887e-10,
                               learning_rate=0.39486786877807273, max_iter=512,
                               max_leaf_nodes=464, min_samples_leaf=17,
                               n_iter_no_change=0, random_state=1935172660,
                               validation_fraction=None, warm_start=True)}, 262: {'model_id': 262, 'rank': 5, 'cost': 0.002856334841628949, 'ensemble_weight': 0.3, 'data_preprocessor': <autosklearn.pipeline.components.data_preprocessing.DataPreprocessorChoice object at 0x149f1bf31880>, 'balancing': Balancing(random_state=1935172660, strategy='weighting'), 'feature_preprocessor': <autosklearn.pipeline.components.feature_preprocessing.FeaturePreprocessorChoice object at 0x149f4869f400>, 'classifier': <autosklearn.pipeline.components.classification.ClassifierChoice object at 0x149f4869ff40>, 'sklearn_classifier': AdaBoostClassifier(algorithm='SAMME',
                   base_estimator=DecisionTreeClassifier(max_depth=5),
                   learning_rate=0.08853008708858813, n_estimators=338,
                   random_state=1935172660)}, 274: {'model_id': 274, 'rank': 6, 'cost': 0.003987556561085959, 'ensemble_weight': 0.16, 'data_preprocessor': <autosklearn.pipeline.components.data_preprocessing.DataPreprocessorChoice object at 0x149f6af99e80>, 'balancing': Balancing(random_state=1935172660), 'feature_preprocessor': <autosklearn.pipeline.components.feature_preprocessing.FeaturePreprocessorChoice object at 0x149f4ac55460>, 'classifier': <autosklearn.pipeline.components.classification.ClassifierChoice object at 0x149f495eabe0>, 'sklearn_classifier': HistGradientBoostingClassifier(early_stopping=False,
                               l2_regularization=0.0004551977319003292,
                               learning_rate=0.17896085969652473, max_iter=512,
                               max_leaf_nodes=4, min_samples_leaf=19,
                               n_iter_no_change=0, random_state=1935172660,
                               validation_fraction=None, warm_start=True)}, 282: {'model_id': 282, 'rank': 7, 'cost': 0.0040111236802412575, 'ensemble_weight': 0.02, 'data_preprocessor': <autosklearn.pipeline.components.data_preprocessing.DataPreprocessorChoice object at 0x149f4a0b32b0>, 'balancing': Balancing(random_state=1935172660, strategy='weighting'), 'feature_preprocessor': <autosklearn.pipeline.components.feature_preprocessing.FeaturePreprocessorChoice object at 0x149f6b728880>, 'classifier': <autosklearn.pipeline.components.classification.ClassifierChoice object at 0x149f6b728d90>, 'sklearn_classifier': HistGradientBoostingClassifier(early_stopping=True,
                               l2_regularization=2.508024903333869e-09,
                               learning_rate=0.2630934618792352, max_iter=64,
                               max_leaf_nodes=9, min_samples_leaf=15,
                               n_iter_no_change=15, random_state=1935172660,
                               validation_fraction=0.14144897113678018,
                               warm_start=True)}, 337: {'model_id': 337, 'rank': 8, 'cost': 0.004044117647058809, 'ensemble_weight': 0.16, 'data_preprocessor': <autosklearn.pipeline.components.data_preprocessing.DataPreprocessorChoice object at 0x149f49197e80>, 'balancing': Balancing(random_state=1935172660, strategy='weighting'), 'feature_preprocessor': <autosklearn.pipeline.components.feature_preprocessing.FeaturePreprocessorChoice object at 0x149f6d3e93a0>, 'classifier': <autosklearn.pipeline.components.classification.ClassifierChoice object at 0x149f6d3e9ac0>, 'sklearn_classifier': HistGradientBoostingClassifier(early_stopping=True,
                               l2_regularization=1.1071023020381737e-10,
                               learning_rate=0.15940000849394378, max_iter=512,
                               max_leaf_nodes=11, min_samples_leaf=15,
                               n_iter_no_change=6, random_state=1935172660,
                               validation_fraction=None, warm_start=True)}, 342: {'model_id': 342, 'rank': 9, 'cost': 0.003459653092006021, 'ensemble_weight': 0.04, 'data_preprocessor': <autosklearn.pipeline.components.data_preprocessing.DataPreprocessorChoice object at 0x149f6e29e160>, 'balancing': Balancing(random_state=1935172660, strategy='weighting'), 'feature_preprocessor': <autosklearn.pipeline.components.feature_preprocessing.FeaturePreprocessorChoice object at 0x149f4b3cd970>, 'classifier': <autosklearn.pipeline.components.classification.ClassifierChoice object at 0x149f4b3cd4f0>, 'sklearn_classifier': HistGradientBoostingClassifier(early_stopping=True,
                               l2_regularization=1.6666000950888425e-10,
                               learning_rate=0.303681552644339, max_iter=128,
                               max_leaf_nodes=5, min_samples_leaf=14,
                               n_iter_no_change=13, random_state=1935172660,
                               validation_fraction=0.07840439274637957,
                               warm_start=True)}, 370: {'model_id': 370, 'rank': 10, 'cost': 0.003233408748114619, 'ensemble_weight': 0.08, 'data_preprocessor': <autosklearn.pipeline.components.data_preprocessing.DataPreprocessorChoice object at 0x149f6c25f400>, 'balancing': Balancing(random_state=1935172660), 'feature_preprocessor': <autosklearn.pipeline.components.feature_preprocessing.FeaturePreprocessorChoice object at 0x149f4aab4dc0>, 'classifier': <autosklearn.pipeline.components.classification.ClassifierChoice object at 0x149f4aab40d0>, 'sklearn_classifier': HistGradientBoostingClassifier(early_stopping=True,
                               l2_regularization=1.0699798453516009e-09,
                               learning_rate=0.46769102785293803, max_iter=128,
                               max_leaf_nodes=304, min_samples_leaf=16,
                               n_iter_no_change=11, random_state=1935172660,
                               validation_fraction=None, warm_start=True)}, 401: {'model_id': 401, 'rank': 11, 'cost': 0.0035539215686275494, 'ensemble_weight': 0.02, 'data_preprocessor': <autosklearn.pipeline.components.data_preprocessing.DataPreprocessorChoice object at 0x149f4b433640>, 'balancing': Balancing(random_state=1935172660, strategy='weighting'), 'feature_preprocessor': <autosklearn.pipeline.components.feature_preprocessing.FeaturePreprocessorChoice object at 0x149f697b4ac0>, 'classifier': <autosklearn.pipeline.components.classification.ClassifierChoice object at 0x149f697b4610>, 'sklearn_classifier': HistGradientBoostingClassifier(early_stopping=True,
                               l2_regularization=0.6954883017587067,
                               learning_rate=0.10506242148262471, max_iter=512,
                               max_leaf_nodes=6, min_samples_leaf=13,
                               n_iter_no_change=20, random_state=1935172660,
                               validation_fraction=None, warm_start=True)}, 416: {'model_id': 416, 'rank': 12, 'cost': 0.0032758295625943123, 'ensemble_weight': 0.02, 'data_preprocessor': <autosklearn.pipeline.components.data_preprocessing.DataPreprocessorChoice object at 0x149f222e6b80>, 'balancing': Balancing(random_state=1935172660, strategy='weighting'), 'feature_preprocessor': <autosklearn.pipeline.components.feature_preprocessing.FeaturePreprocessorChoice object at 0x149f48976310>, 'classifier': <autosklearn.pipeline.components.classification.ClassifierChoice object at 0x149f48976ca0>, 'sklearn_classifier': HistGradientBoostingClassifier(early_stopping=True,
                               l2_regularization=1.4876246784433605e-09,
                               learning_rate=0.5381601089699855, max_iter=256,
                               max_leaf_nodes=161, n_iter_no_change=20,
                               random_state=1935172660,
                               validation_fraction=None, warm_start=True)}, 470: {'model_id': 470, 'rank': 13, 'cost': 0.0031297134238310598, 'ensemble_weight': 0.1, 'data_preprocessor': <autosklearn.pipeline.components.data_preprocessing.DataPreprocessorChoice object at 0x149f146e8430>, 'balancing': Balancing(random_state=1935172660, strategy='weighting'), 'feature_preprocessor': <autosklearn.pipeline.components.feature_preprocessing.FeaturePreprocessorChoice object at 0x149f6a702820>, 'classifier': <autosklearn.pipeline.components.classification.ClassifierChoice object at 0x149f6a7026d0>, 'sklearn_classifier': HistGradientBoostingClassifier(early_stopping=True,
                               l2_regularization=3.0507912040235093e-08,
                               learning_rate=0.6160850080898854, max_iter=128,
                               max_leaf_nodes=287, n_iter_no_change=12,
                               random_state=1935172660,
                               validation_fraction=None, warm_start=True)}}
[WARNING] [2025-01-10 20:10:21,223:amlb.utils.process] Terminating process psutil.Process(pid=2166228, name='python', status='sleeping', started='19:44:46').
[WARNING] [2025-01-10 20:10:21,223:amlb.utils.process] Terminating process psutil.Process(pid=2166229, name='python', status='sleeping', started='19:44:46').
[WARNING] [2025-01-10 20:10:26,240:amlb.utils.process] Killing process psutil.Process(pid=2166228, name='python', status='sleeping', started='19:44:46').
[MONITORING] [singularity.openml_t_146820.test.all_tasks.all_folds.autosklearn] CPU Utilization: 1.1%
[MONITORING] [singularity.openml_t_146820.test.all_tasks.all_folds.autosklearn] Memory Usage: 5.9%
[MONITORING] [singularity.openml_t_146820.test.all_tasks.all_folds.autosklearn] Disk Usage: 1.9%



Predictions preview:
            1         2 predictions truth
0   0.907859  0.092141           1     1
1   0.909501  0.090499           1     1
2   0.894740  0.105260           1     1
3   0.906983  0.093017           1     1
4   0.908664  0.091336           1     1
5   0.907186  0.092814           1     1
6   0.910536  0.089464           1     1
7   0.898126  0.101874           1     1
8   0.891452  0.108548           1     1
9   0.901741  0.098259           1     1
10  0.912054  0.087946           1     1
11  0.896253  0.103747           1     1
12  0.892618  0.107382           1     1
13  0.893805  0.106195           1     1
14  0.897643  0.102357           1     1
15  0.905441  0.094559           1     1
16  0.903023  0.096977           1     1
17  0.876267  0.123733           1     1
18  0.910245  0.089755           1     1
19  0.913884  0.086116           1     1

Predictions saved to `/output/predictions/wilt/1/predictions.csv`.
Loading metadata from `/output/predictions/wilt/1/metadata.json`.
Loading predictions from `/output/predictions/wilt/1/predictions.csv`.
Metric scores: { 'acc': 0.987603305785124,
  'app_version': 'dev '
                 '[https://github.com/SubhadityaMukherjee/automlbenchmark.git, '
                 'singularity, 7980953]',
  'auc': 0.9954652334564998,
  'balacc': 0.9571716493113873,
  'constraint': 'test',
  'duration': nan,
  'fold': 1,
  'framework': 'autosklearn',
  'id': 'openml.org/t/146820',
  'info': None,
  'logloss': 0.13068644349106798,
  'metric': 'auc',
  'mode': 'singularity',
  'models_count': 13,
  'params': "{'_save_artifacts': ['models']}",
  'predict_duration': 0.19210290908813477,
  'result': 0.9954652334564998,
  'seed': 1935172660,
  'task': 'wilt',
  'training_duration': 1533.3966705799103,
  'type': 'binary',
  'utc': '2025-01-10T19:10:27',
  'version': '0.15.0'}
Job `local.openml_t_146820.test.wilt.1.autosklearn` executed in 1541.603 seconds.
Scores saved to `/output/scores/results.csv`.
Scores saved to `/output/results.csv`.

-----------------------------------------------------------
Starting job local.openml_t_146820.test.wilt.2.autosklearn.
Assigning 8 cores (total=192) for new task wilt.
Assigning 362513 MB (total=386603 MB) for new wilt task.
Running task wilt on framework autosklearn with config:
TaskConfig({'framework': 'autosklearn', 'framework_params': {'_save_artifacts': ['models']}, 'framework_version': '0.15.0', 'type': 'classification', 'name': 'wilt', 'openml_task_id': 146820, 'test_server': False, 'fold': 2, 'metric': 'auc', 'metrics': ['auc', 'logloss', 'acc', 'balacc'], 'seed': 1935172661, 'job_timeout_seconds': 2400, 'max_runtime_seconds': 1200, 'cores': 8, 'max_mem_size_mb': 362513, 'min_vol_size_mb': -1, 'input_dir': '/input', 'output_dir': '/output/', 'output_predictions_file': '/output/predictions/wilt/2/predictions.csv', 'tag': None, 'command': 'runbenchmark.py autosklearn openml/t/146820 test -Xseed=auto -i /input -o /output -u /custom -s skip -Xrun_mode=singularity --session=', 'git_info': {'repo': 'https://github.com/SubhadityaMukherjee/automlbenchmark.git', 'branch': 'singularity', 'commit': '7980953509ddbe0c961203f526b6110f33d9cc4e', 'tags': [], 'status': ['## singularity...origin/singularity', ' M amlb/runners/singularity.py']}, 'measure_inference_time': False, 'ext': {}, 'quantile_levels': [0.1, 0.2, 0.3, 0.4, 0.5, 0.6, 0.7, 0.8, 0.9], 'type_': 'binary', 'output_metadata_file': '/output/predictions/wilt/2/metadata.json'})
Running cmd `/bench/frameworks/autosklearn/venv/bin/python -W ignore /bench/frameworks/autosklearn/exec.py`
INFO:__main__:
**** Auto-sklearn [v0.15.0]****

INFO:__main__:Running Auto-sklearn for wilt with a maximum time of 1200s on 8 cores with 362513MB, optimizing roc_auc.
[MONITORING] [python3.9 [1983486]] CPU Utilization: 1.0%
[MONITORING] [python3.9 [1983486]] Memory Usage: 5.8%
[MONITORING] [python3.9 [1983486]] Disk Usage: 0.0%
INFO:__main__:Environment: environ({'AMLB_LOG_TRACE': '5', 'AMLB_PATH': '/bench', 'TMPDIR': '/scratch-local/smukherjee.9362196', 'PATH': '/bench/frameworks/autosklearn/venv/bin:/usr/local/sbin:/usr/local/bin:/usr/sbin:/usr/bin:/sbin:/bin', 'PWD': '/bench', 'PYTHONPATH': '/bench', 'LC_CTYPE': 'C.UTF-8', 'JOBLIB_TEMP_FOLDER': '/scratch-local/smukherjee.9362196', 'OMP_NUM_THREADS': '1', 'OPENBLAS_NUM_THREADS': '1', 'MKL_NUM_THREADS': '1', 'KMP_INIT_AT_FORK': 'FALSE', 'KMP_DUPLICATE_LIB_OK': 'True'})
INFO:__main__:Using 45314.125MB memory per job and on a total of 8 jobs.
WARNING:__main__:Using meta-learned initialization, which might be bad (leakage).
INFO:__main__:Auto-sklearn constructor arguments: {'memory_limit': 45314.125, 'metric': roc_auc, 'time_left_for_this_task': 1200, 'n_jobs': 8, 'seed': 1935172661}
INFO:__main__:Auto-sklearn additional constructor arguments: {}
INFO:__main__:Auto-sklearn fit() arguments: {'dataset_name': 'wilt'}
[WARNING] [2025-01-10 20:10:49,904:Client-AutoML(1935172661):wilt] Capping the per_run_time_limit to 599.0 to have time for a least 2 models in each process.
[WARNING] [2025-01-10 20:10:50,706:Client-AutoMLSMBO(1935172661)::wilt] Dataset wilt already in meta-data. Removing occurence.
[WARNING] [2025-01-10 20:10:51,686:Client-EnsembleBuilder] No runs were available to build an ensemble from
[WARNING] [2025-01-10 20:10:51,795:Client-EnsembleBuilder] No runs were available to build an ensemble from
[MONITORING] [singularity.openml_t_146820.test.all_tasks.all_folds.autosklearn] CPU Utilization: 1.3%
[MONITORING] [singularity.openml_t_146820.test.all_tasks.all_folds.autosklearn] Memory Usage: 5.8%
[MONITORING] [singularity.openml_t_146820.test.all_tasks.all_folds.autosklearn] Disk Usage: 1.9%
[MONITORING] [python3.9 [1983486]] CPU Utilization: 1.3%
[MONITORING] [python3.9 [1983486]] Memory Usage: 5.8%
[MONITORING] [python3.9 [1983486]] Disk Usage: 0.0%
[MONITORING] [singularity.openml_t_146820.test.all_tasks.all_folds.autosklearn] CPU Utilization: 1.4%
[MONITORING] [singularity.openml_t_146820.test.all_tasks.all_folds.autosklearn] Memory Usage: 5.8%
[MONITORING] [singularity.openml_t_146820.test.all_tasks.all_folds.autosklearn] Disk Usage: 1.9%
slurmstepd: error: *** JOB 9362196 ON tcn614 CANCELLED AT 2025-01-10T20:14:30 DUE TO TIME LIMIT ***

JOB STATISTICS
==============
Job ID: 9362196
Cluster: snellius
User/Group: smukherjee/smukherjee
State: TIMEOUT (exit code 0)
Nodes: 1
Cores per node: 16
CPU Utilized: 00:00:03
CPU Efficiency: 0.01% of 13:26:40 core-walltime
Job Wall-clock time: 00:50:25
Memory Utilized: 1.28 GB
Memory Efficiency: 2.28% of 56.00 GB
